TN:
SF:src\app.tsx
FN:7,App
FNF:1
FNH:1
FNDA:14,App
DA:1,1
DA:2,1
DA:3,1
DA:4,1
DA:5,1
DA:6,1
DA:7,1
DA:8,14
DA:9,14
DA:10,14
DA:11,14
DA:12,14
DA:13,14
DA:14,14
DA:15,14
DA:16,14
DA:17,14
DA:18,3
DA:19,3
DA:20,3
DA:21,3
DA:22,3
DA:23,3
DA:24,3
DA:25,3
DA:26,3
DA:27,3
DA:28,3
DA:29,3
DA:30,3
DA:31,3
DA:32,3
DA:33,14
DA:34,14
DA:35,14
DA:36,14
DA:37,14
DA:38,1
DA:39,1
LF:39
LH:39
BRDA:7,0,0,14
BRDA:17,1,0,3
BRF:2
BRH:2
end_of_record
TN:
SF:src\store.ts
FN:9,middleware
FNF:1
FNH:1
FNDA:1,middleware
DA:1,1
DA:2,1
DA:3,1
DA:4,1
DA:5,1
DA:6,1
DA:7,1
DA:8,1
DA:9,1
DA:10,1
DA:11,1
DA:12,1
DA:13,1
DA:14,1
DA:15,1
DA:16,1
DA:17,1
DA:18,1
LF:18
LH:18
BRDA:9,0,0,1
BRF:1
BRH:1
end_of_record
TN:
SF:src\app\providers\FeatureProvider.tsx
FN:19,FeatureProvider
FN:28,toggleFeature
FN:35,enableFeature
FN:42,disableFeature
FN:49,isEnabled
FN:68,useFeatures
FN:78,enable
FN:82,disable
FN:85,isEnabled
FNF:9
FNH:6
FNDA:16,FeatureProvider
FNDA:4,toggleFeature
FNDA:1,enableFeature
FNDA:1,disableFeature
FNDA:14,isEnabled
FNDA:20,useFeatures
FNDA:0,enable
FNDA:0,disable
FNDA:0,isEnabled
DA:1,1
DA:2,1
DA:3,1
DA:4,1
DA:5,1
DA:6,1
DA:7,1
DA:8,1
DA:9,1
DA:10,1
DA:11,1
DA:12,1
DA:13,1
DA:14,1
DA:15,1
DA:16,1
DA:17,1
DA:18,1
DA:19,1
DA:20,16
DA:21,16
DA:22,16
DA:23,16
DA:24,16
DA:25,16
DA:26,16
DA:27,16
DA:28,16
DA:29,4
DA:30,4
DA:31,4
DA:32,4
DA:33,16
DA:34,16
DA:35,16
DA:36,1
DA:37,1
DA:38,1
DA:39,1
DA:40,16
DA:41,16
DA:42,16
DA:43,1
DA:44,1
DA:45,1
DA:46,1
DA:47,16
DA:48,16
DA:49,16
DA:50,14
DA:51,16
DA:52,16
DA:53,16
DA:54,16
DA:55,16
DA:56,16
DA:57,16
DA:58,16
DA:59,16
DA:60,16
DA:61,16
DA:62,16
DA:63,16
DA:64,16
DA:65,16
DA:66,16
DA:67,1
DA:68,1
DA:69,20
DA:70,20
DA:71,4
DA:72,4
DA:73,15
DA:74,15
DA:75,1
DA:76,1
DA:77,1
DA:78,1
DA:79,0
DA:80,0
DA:81,1
DA:82,1
DA:83,0
DA:84,1
DA:85,1
DA:86,0
DA:87,1
DA:88,1
LF:88
LH:84
BRDA:19,0,0,16
BRDA:28,1,0,4
BRDA:29,2,0,4
BRDA:35,3,0,1
BRDA:36,4,0,1
BRDA:42,5,0,1
BRDA:43,6,0,1
BRDA:49,7,0,14
BRDA:68,8,0,20
BRDA:70,9,0,4
BRDA:73,10,0,15
BRF:11
BRH:11
end_of_record
TN:
SF:src\container\404\index.tsx
FN:7,NotFoundPage
FNF:1
FNH:1
FNDA:10,NotFoundPage
DA:1,1
DA:2,1
DA:3,1
DA:4,1
DA:5,1
DA:6,1
DA:7,1
DA:8,10
DA:9,10
DA:10,10
DA:11,10
DA:12,10
DA:13,10
DA:14,10
DA:15,10
DA:16,10
DA:17,10
DA:18,10
DA:19,10
DA:20,10
DA:21,10
DA:22,10
DA:23,10
DA:24,1
DA:25,1
LF:25
LH:25
BRDA:7,0,0,10
BRF:1
BRH:1
end_of_record
TN:
SF:src\container\auth\index.tsx
FN:1,(empty-report)
FNF:1
FNH:0
FNDA:0,(empty-report)
DA:1,0
DA:2,0
DA:3,0
DA:4,0
DA:5,0
DA:6,0
DA:7,0
DA:8,0
DA:9,0
DA:10,0
DA:11,0
DA:12,0
DA:13,0
DA:14,0
DA:15,0
DA:16,0
DA:17,0
DA:18,0
DA:19,0
DA:20,0
DA:21,0
DA:22,0
DA:23,0
DA:24,0
DA:25,0
DA:26,0
DA:27,0
DA:28,0
DA:29,0
DA:30,0
DA:31,0
DA:32,0
DA:33,0
DA:34,0
DA:35,0
DA:36,0
DA:37,0
DA:38,0
DA:39,0
DA:40,0
DA:41,0
DA:42,0
DA:43,0
DA:44,0
DA:45,0
DA:46,0
DA:47,0
DA:48,0
DA:49,0
DA:50,0
DA:51,0
DA:52,0
DA:53,0
DA:54,0
DA:55,0
DA:56,0
DA:57,0
DA:58,0
DA:59,0
DA:60,0
DA:61,0
DA:62,0
DA:63,0
DA:64,0
DA:65,0
DA:66,0
DA:67,0
DA:68,0
DA:69,0
DA:70,0
DA:71,0
DA:72,0
DA:73,0
DA:74,0
DA:75,0
DA:76,0
DA:77,0
DA:78,0
DA:79,0
DA:80,0
DA:81,0
DA:82,0
DA:83,0
DA:84,0
DA:85,0
DA:86,0
DA:87,0
DA:88,0
DA:89,0
DA:90,0
DA:91,0
DA:92,0
DA:93,0
DA:94,0
DA:95,0
DA:96,0
DA:97,0
DA:98,0
DA:99,0
DA:100,0
DA:101,0
DA:102,0
DA:103,0
DA:104,0
DA:105,0
DA:106,0
DA:107,0
DA:108,0
DA:109,0
DA:110,0
DA:111,0
DA:112,0
DA:113,0
DA:114,0
DA:115,0
DA:116,0
DA:117,0
DA:118,0
DA:119,0
DA:120,0
DA:121,0
DA:122,0
DA:123,0
DA:124,0
DA:125,0
DA:126,0
DA:127,0
DA:128,0
DA:129,0
DA:130,0
DA:131,0
DA:132,0
DA:133,0
DA:134,0
DA:135,0
DA:136,0
DA:137,0
DA:138,0
DA:139,0
DA:140,0
DA:141,0
DA:142,0
DA:143,0
DA:144,0
DA:145,0
DA:146,0
DA:147,0
DA:148,0
DA:149,0
DA:150,0
DA:151,0
DA:152,0
DA:153,0
DA:154,0
DA:155,0
DA:156,0
DA:157,0
DA:158,0
DA:159,0
DA:160,0
DA:161,0
DA:162,0
DA:163,0
DA:164,0
DA:165,0
DA:166,0
DA:167,0
DA:168,0
DA:169,0
DA:170,0
DA:171,0
DA:172,0
DA:173,0
DA:174,0
DA:175,0
DA:176,0
DA:177,0
DA:178,0
DA:179,0
DA:180,0
DA:181,0
DA:182,0
DA:183,0
LF:183
LH:0
BRDA:1,0,0,0
BRF:1
BRH:0
end_of_record
TN:
SF:src\container\collection\index.tsx
FN:38,Collection
FN:49,onClick
FNF:2
FNH:2
FNDA:32,Collection
FNDA:12,onClick
DA:1,1
DA:2,1
DA:3,1
DA:4,1
DA:5,1
DA:6,1
DA:7,1
DA:8,1
DA:9,1
DA:10,1
DA:11,1
DA:12,1
DA:13,1
DA:14,1
DA:15,1
DA:16,1
DA:17,1
DA:18,1
DA:19,1
DA:20,1
DA:21,1
DA:22,1
DA:23,1
DA:24,1
DA:25,1
DA:26,1
DA:27,1
DA:28,1
DA:29,1
DA:30,1
DA:31,1
DA:32,1
DA:33,1
DA:34,1
DA:35,1
DA:36,1
DA:37,1
DA:38,1
DA:39,32
DA:40,32
DA:41,32
DA:42,32
DA:43,32
DA:44,32
DA:45,32
DA:46,128
DA:47,128
DA:48,128
DA:49,128
DA:50,128
DA:51,128
DA:52,128
DA:53,32
DA:54,32
DA:55,32
DA:56,32
DA:57,32
DA:58,32
DA:59,76
DA:60,76
DA:61,76
DA:62,76
DA:63,76
DA:64,76
DA:65,76
DA:66,76
DA:67,76
DA:68,76
DA:69,76
DA:70,32
DA:71,32
DA:72,32
DA:73,32
DA:74,32
DA:75,32
DA:76,32
DA:77,1
DA:78,1
LF:78
LH:78
BRDA:38,0,0,32
BRDA:40,1,0,22
BRDA:40,2,0,10
BRDA:40,3,0,30
BRDA:45,4,0,128
BRDA:48,5,0,32
BRDA:48,6,0,96
BRDA:49,7,0,12
BRDA:58,8,0,76
BRF:9
BRH:9
end_of_record
TN:
SF:src\container\contact\index.tsx
FN:5,Contacts
FNF:1
FNH:1
FNDA:17,Contacts
DA:1,1
DA:2,1
DA:3,1
DA:4,1
DA:5,1
DA:6,17
DA:7,17
DA:8,17
DA:9,17
DA:10,17
DA:11,17
DA:12,17
DA:13,17
DA:14,17
DA:15,17
DA:16,17
DA:17,17
DA:18,17
DA:19,17
DA:20,17
DA:21,17
DA:22,17
DA:23,17
DA:24,17
DA:25,17
DA:26,17
DA:27,17
DA:28,17
DA:29,17
DA:30,17
DA:31,17
DA:32,17
DA:33,17
DA:34,17
DA:35,17
DA:36,17
DA:37,1
DA:38,1
LF:38
LH:38
BRDA:5,0,0,17
BRF:1
BRH:1
end_of_record
TN:
SF:src\container\create-nft\index.tsx
FN:9,CreateNFT
FN:31,handleChange
FN:35,handleSubmit
FN:55,fetchImage
FN:74,getButtonText
FN:81,getGuestNotice
FN:106,onClose
FNF:7
FNH:6
FNDA:34,CreateNFT
FNDA:9,handleChange
FNDA:8,handleSubmit
FNDA:8,fetchImage
FNDA:33,getButtonText
FNDA:33,getGuestNotice
FNDA:0,onClose
DA:1,1
DA:2,1
DA:3,1
DA:4,1
DA:5,1
DA:6,1
DA:7,1
DA:8,1
DA:9,1
DA:10,34
DA:11,34
DA:12,34
DA:13,34
DA:14,34
DA:15,34
DA:16,34
DA:17,34
DA:18,34
DA:19,11
DA:20,11
DA:21,0
DA:22,0
DA:23,11
DA:24,11
DA:25,11
DA:26,11
DA:27,0
DA:28,0
DA:29,34
DA:30,34
DA:31,34
DA:32,9
DA:33,34
DA:34,34
DA:35,34
DA:36,8
DA:37,8
DA:38,0
DA:39,0
DA:40,0
DA:41,8
DA:42,8
DA:43,8
DA:44,8
DA:45,8
DA:46,8
DA:47,4
DA:48,4
DA:49,4
DA:50,4
DA:51,8
DA:52,8
DA:53,34
DA:54,34
DA:55,34
DA:56,8
DA:57,8
DA:58,8
DA:59,8
DA:60,8
DA:61,8
DA:62,8
DA:63,8
DA:64,8
DA:65,8
DA:66,8
DA:67,8
DA:68,8
DA:69,8
DA:70,8
DA:71,8
DA:72,8
DA:73,34
DA:74,34
DA:75,33
DA:76,33
DA:77,33
DA:78,22
DA:79,34
DA:80,34
DA:81,34
DA:82,33
DA:83,33
DA:84,13
DA:85,13
DA:86,13
DA:87,13
DA:88,13
DA:89,13
DA:90,33
DA:91,5
DA:92,5
DA:93,5
DA:94,5
DA:95,5
DA:96,5
DA:97,2
DA:98,34
DA:99,34
DA:100,34
DA:101,34
DA:102,34
DA:103,0
DA:104,0
DA:105,0
DA:106,0
DA:107,0
DA:108,34
DA:109,34
DA:110,34
DA:111,34
DA:112,34
DA:113,34
DA:114,34
DA:115,34
DA:116,34
DA:117,34
DA:118,34
DA:119,34
DA:120,34
DA:121,34
DA:122,34
DA:123,34
DA:124,34
DA:125,34
DA:126,34
DA:127,34
DA:128,34
DA:129,34
DA:130,34
DA:131,34
DA:132,34
DA:133,34
DA:134,34
DA:135,34
DA:136,34
DA:137,34
DA:138,34
DA:139,34
DA:140,34
DA:141,34
DA:142,34
DA:143,34
DA:144,8
DA:145,34
DA:146,0
DA:147,25
DA:148,25
DA:149,34
DA:150,34
DA:151,34
DA:152,34
DA:153,34
DA:154,34
DA:155,34
DA:156,34
DA:157,1
DA:158,1
LF:158
LH:145
BRDA:9,0,0,34
BRDA:102,1,0,0
BRDA:132,2,0,20
BRDA:132,3,0,2
BRDA:132,4,0,31
BRDA:143,5,0,8
BRDA:145,6,0,25
BRDA:145,7,0,0
BRDA:10,8,0,44
BRDA:18,9,0,11
BRDA:20,10,0,0
BRDA:26,11,0,0
BRDA:31,12,0,9
BRDA:35,13,0,8
BRDA:37,14,0,4
BRDA:37,15,0,0
BRDA:46,16,0,4
BRDA:55,17,0,8
BRDA:55,18,0,8
BRDA:74,19,0,33
BRDA:75,20,0,8
BRDA:76,21,0,25
BRDA:76,22,0,16
BRDA:76,23,0,1
BRDA:77,24,0,24
BRDA:77,25,0,15
BRDA:77,26,0,2
BRDA:78,27,0,22
BRDA:81,28,0,33
BRDA:82,29,0,13
BRDA:83,30,0,20
BRDA:83,31,0,13
BRDA:90,32,0,7
BRDA:90,33,0,5
BRDA:97,34,0,2
BRF:35
BRH:30
end_of_record
TN:
SF:src\container\detail-hero\index.tsx
FN:7,DetailPageHero
FNF:1
FNH:1
FNDA:9,DetailPageHero
DA:1,1
DA:2,1
DA:3,1
DA:4,1
DA:5,1
DA:6,1
DA:7,1
DA:8,9
DA:9,9
DA:10,9
DA:11,9
DA:12,9
DA:13,9
DA:14,9
DA:15,9
DA:16,9
DA:17,9
DA:18,9
DA:19,9
DA:20,9
DA:21,9
DA:22,9
DA:23,9
DA:24,9
DA:25,9
DA:26,9
DA:27,9
DA:28,9
DA:29,9
DA:30,9
DA:31,9
DA:32,9
DA:33,9
DA:34,9
DA:35,9
DA:36,9
DA:37,9
DA:38,9
DA:39,9
DA:40,9
DA:41,9
DA:42,9
DA:43,9
DA:44,9
DA:45,9
DA:46,9
DA:47,9
DA:48,9
DA:49,9
DA:50,9
DA:51,9
DA:52,9
DA:53,9
DA:54,9
DA:55,9
DA:56,9
DA:57,9
DA:58,9
DA:59,9
DA:60,9
DA:61,9
DA:62,9
DA:63,9
DA:64,9
DA:65,9
DA:66,9
DA:67,9
DA:68,1
DA:69,1
LF:69
LH:69
BRDA:7,0,0,9
BRF:1
BRH:1
end_of_record
TN:
SF:src\container\detail-kaban\index.tsx
FN:7,DetailPageKab
FNF:1
FNH:1
FNDA:9,DetailPageKab
DA:1,1
DA:2,1
DA:3,1
DA:4,1
DA:5,1
DA:6,1
DA:7,1
DA:8,9
DA:9,9
DA:10,9
DA:11,9
DA:12,9
DA:13,9
DA:14,9
DA:15,9
DA:16,9
DA:17,9
DA:18,9
DA:19,9
DA:20,9
DA:21,9
DA:22,9
DA:23,9
DA:24,9
DA:25,9
DA:26,9
DA:27,9
DA:28,9
DA:29,9
DA:30,9
DA:31,9
DA:32,9
DA:33,9
DA:34,9
DA:35,9
DA:36,9
DA:37,9
DA:38,9
DA:39,9
DA:40,9
DA:41,9
DA:42,9
DA:43,9
DA:44,9
DA:45,9
DA:46,9
DA:47,9
DA:48,9
DA:49,9
DA:50,9
DA:51,9
DA:52,9
DA:53,9
DA:54,9
DA:55,9
DA:56,9
DA:57,9
DA:58,9
DA:59,9
DA:60,9
DA:61,9
DA:62,9
DA:63,9
DA:64,9
DA:65,9
DA:66,9
DA:67,9
DA:68,9
DA:69,9
DA:70,9
DA:71,9
DA:72,9
DA:73,1
DA:74,1
LF:74
LH:74
BRDA:7,0,0,9
BRF:1
BRH:1
end_of_record
TN:
SF:src\container\detail-monkey\index.tsx
FN:7,DetailPageMonkey
FNF:1
FNH:1
FNDA:9,DetailPageMonkey
DA:1,1
DA:2,1
DA:3,1
DA:4,1
DA:5,1
DA:6,1
DA:7,1
DA:8,9
DA:9,9
DA:10,9
DA:11,9
DA:12,9
DA:13,9
DA:14,9
DA:15,9
DA:16,9
DA:17,9
DA:18,9
DA:19,9
DA:20,9
DA:21,9
DA:22,9
DA:23,9
DA:24,9
DA:25,9
DA:26,9
DA:27,9
DA:28,9
DA:29,9
DA:30,9
DA:31,9
DA:32,9
DA:33,9
DA:34,9
DA:35,9
DA:36,9
DA:37,9
DA:38,9
DA:39,9
DA:40,9
DA:41,9
DA:42,9
DA:43,9
DA:44,9
DA:45,9
DA:46,9
DA:47,9
DA:48,9
DA:49,9
DA:50,9
DA:51,9
DA:52,9
DA:53,9
DA:54,9
DA:55,9
DA:56,9
DA:57,9
DA:58,9
DA:59,9
DA:60,9
DA:61,9
DA:62,9
DA:63,9
DA:64,9
DA:65,9
DA:66,9
DA:67,9
DA:68,9
DA:69,9
DA:70,9
DA:71,9
DA:72,9
DA:73,1
DA:74,1
LF:74
LH:74
BRDA:7,0,0,9
BRF:1
BRH:1
end_of_record
TN:
SF:src\container\main\index.tsx
FN:8,Main
FNF:1
FNH:1
FNDA:10,Main
DA:1,1
DA:2,1
DA:3,1
DA:4,1
DA:5,1
DA:6,1
DA:7,1
DA:8,1
DA:9,10
DA:10,10
DA:11,10
DA:12,10
DA:13,10
DA:14,10
DA:15,1
DA:16,1
LF:16
LH:16
BRDA:8,0,0,10
BRF:1
BRH:1
end_of_record
TN:
SF:src\container\main\router.tsx
FNF:0
FNH:0
DA:1,1
DA:2,1
DA:3,1
DA:4,1
DA:5,1
DA:6,1
DA:7,1
DA:8,1
DA:9,1
DA:10,1
DA:11,1
DA:12,1
DA:13,1
DA:14,1
DA:15,1
DA:16,1
DA:17,1
DA:18,1
DA:19,1
DA:20,1
DA:21,1
DA:22,1
DA:23,1
DA:24,1
DA:25,1
DA:26,1
DA:27,1
DA:28,1
DA:29,1
DA:30,1
DA:31,1
DA:32,1
DA:33,1
DA:34,1
DA:35,1
DA:36,1
DA:37,1
DA:38,1
DA:39,1
DA:40,1
DA:41,1
DA:42,1
DA:43,1
DA:44,1
DA:45,1
DA:46,1
DA:47,1
DA:48,1
DA:49,1
DA:50,1
DA:51,1
DA:52,1
DA:53,1
DA:54,1
DA:55,1
DA:56,1
DA:57,1
DA:58,1
DA:59,1
DA:60,1
DA:61,1
DA:62,1
DA:63,1
DA:64,1
LF:64
LH:64
BRF:0
BRH:0
end_of_record
TN:
SF:src\container\main\components\layout\index.tsx
FN:5,Layout
FNF:1
FNH:1
FNDA:5,Layout
DA:1,1
DA:2,1
DA:3,1
DA:4,1
DA:5,1
DA:6,5
DA:7,5
DA:8,5
DA:9,5
DA:10,5
DA:11,5
DA:12,5
DA:13,5
DA:14,5
DA:15,1
DA:16,1
LF:16
LH:16
BRDA:5,0,0,5
BRF:1
BRH:1
end_of_record
TN:
SF:src\container\main\components\layout\header\index.tsx
FN:31,Header
FN:35,toggleMenu
FNF:2
FNH:2
FNDA:11,Header
FNDA:2,toggleMenu
DA:1,1
DA:2,1
DA:3,1
DA:4,1
DA:5,1
DA:6,1
DA:7,1
DA:8,1
DA:9,1
DA:10,1
DA:11,1
DA:12,1
DA:13,1
DA:14,1
DA:15,1
DA:16,1
DA:17,1
DA:18,1
DA:19,1
DA:20,1
DA:21,1
DA:22,1
DA:23,1
DA:24,1
DA:25,1
DA:26,1
DA:27,1
DA:28,1
DA:29,1
DA:30,1
DA:31,1
DA:32,11
DA:33,11
DA:34,11
DA:35,11
DA:36,2
DA:37,11
DA:38,11
DA:39,11
DA:40,11
DA:41,11
DA:42,11
DA:43,11
DA:44,11
DA:45,11
DA:46,11
DA:47,11
DA:48,11
DA:49,11
DA:50,11
DA:51,11
DA:52,11
DA:53,11
DA:54,11
DA:55,33
DA:56,33
DA:57,33
DA:58,33
DA:59,33
DA:60,33
DA:61,33
DA:62,11
DA:63,11
DA:64,11
DA:65,11
DA:66,2
DA:67,2
DA:68,2
DA:69,2
DA:70,2
DA:71,2
DA:72,2
DA:73,2
DA:74,2
DA:75,2
DA:76,2
DA:77,2
DA:78,11
DA:79,9
DA:80,9
DA:81,9
DA:82,9
DA:83,9
DA:84,11
DA:85,11
DA:86,11
DA:87,11
DA:88,11
DA:89,11
DA:90,1
DA:91,1
LF:91
LH:91
BRDA:31,0,0,11
BRDA:51,1,0,1
BRDA:51,2,0,10
BRDA:65,3,0,2
BRDA:74,4,0,1
BRDA:74,5,0,1
BRDA:74,6,0,1
BRDA:78,7,0,9
BRDA:33,8,0,20
BRDA:35,9,0,2
BRDA:54,10,0,33
BRDA:61,11,0,0
BRF:12
BRH:11
end_of_record
TN:
SF:src\container\main\components\layout\logo\logo.tsx
FN:1,(empty-report)
FNF:1
FNH:0
FNDA:0,(empty-report)
DA:1,0
DA:2,0
DA:3,0
DA:4,0
DA:5,0
DA:6,0
DA:7,0
DA:8,0
DA:9,0
DA:10,0
DA:11,0
DA:12,0
DA:13,0
DA:14,0
DA:15,0
DA:16,0
DA:17,0
DA:18,0
DA:19,0
LF:19
LH:0
BRDA:1,0,0,0
BRF:1
BRH:0
end_of_record
TN:
SF:src\container\main\components\main-page\index.tsx
FN:7,MainPage
FNF:1
FNH:1
FNDA:12,MainPage
DA:1,1
DA:2,1
DA:3,1
DA:4,1
DA:5,1
DA:6,1
DA:7,1
DA:8,12
DA:9,12
DA:10,12
DA:11,12
DA:12,12
DA:13,12
DA:14,12
DA:15,12
DA:16,12
DA:17,12
DA:18,12
DA:19,12
DA:20,12
DA:21,12
DA:22,12
DA:23,12
DA:24,12
DA:25,12
DA:26,12
DA:27,12
DA:28,12
DA:29,12
DA:30,12
DA:31,12
DA:32,12
DA:33,12
DA:34,12
DA:35,12
DA:36,12
DA:37,12
DA:38,12
DA:39,12
DA:40,12
DA:41,12
DA:42,12
DA:43,12
DA:44,12
DA:45,12
DA:46,1
DA:47,1
DA:48,1
LF:48
LH:48
BRDA:7,0,0,12
BRF:1
BRH:1
end_of_record
TN:
SF:src\container\user-center\index.tsx
FN:10,UserCenterContainer
FN:34,loadProfile
FN:52,handleChange
FN:59,handleSubmit
FN:74,handleLogout
FN:79,handleBackToMain
FN:183,onClick
FN:202,onClick
FNF:8
FNH:5
FNDA:51,UserCenterContainer
FNDA:16,loadProfile
FNDA:0,handleChange
FNDA:1,handleSubmit
FNDA:1,handleLogout
FNDA:0,handleBackToMain
FNDA:0,onClick
FNDA:1,onClick
DA:1,1
DA:2,1
DA:3,1
DA:4,1
DA:5,1
DA:6,1
DA:7,1
DA:8,1
DA:9,1
DA:10,1
DA:11,51
DA:12,51
DA:13,51
DA:14,51
DA:15,51
DA:16,51
DA:17,51
DA:18,51
DA:19,51
DA:20,51
DA:21,51
DA:22,51
DA:23,51
DA:24,51
DA:25,51
DA:26,51
DA:27,17
DA:28,1
DA:29,1
DA:30,1
DA:31,16
DA:32,51
DA:33,51
DA:34,51
DA:35,16
DA:36,16
DA:37,16
DA:38,15
DA:39,16
DA:40,16
DA:41,16
DA:42,16
DA:43,16
DA:44,16
DA:45,16
DA:46,1
DA:47,16
DA:48,16
DA:49,16
DA:50,16
DA:51,51
DA:52,51
DA:53,0
DA:54,0
DA:55,0
DA:56,0
DA:57,51
DA:58,51
DA:59,51
DA:60,1
DA:61,1
DA:62,1
DA:63,1
DA:64,0
DA:65,0
DA:66,0
DA:67,1
DA:68,1
DA:69,1
DA:70,1
DA:71,1
DA:72,1
DA:73,51
DA:74,51
DA:75,1
DA:76,1
DA:77,1
DA:78,51
DA:79,51
DA:80,0
DA:81,51
DA:82,51
DA:83,51
DA:84,1
DA:85,1
DA:86,49
DA:87,49
DA:88,49
DA:89,49
DA:90,49
DA:91,49
DA:92,49
DA:93,49
DA:94,49
DA:95,49
DA:96,49
DA:97,49
DA:98,49
DA:99,49
DA:100,49
DA:101,49
DA:102,51
DA:103,51
DA:104,51
DA:105,51
DA:106,51
DA:107,51
DA:108,51
DA:109,51
DA:110,51
DA:111,51
DA:112,51
DA:113,51
DA:114,51
DA:115,51
DA:116,51
DA:117,51
DA:118,51
DA:119,3
DA:120,3
DA:121,3
DA:122,3
DA:123,3
DA:124,3
DA:125,3
DA:126,3
DA:127,3
DA:128,3
DA:129,3
DA:130,3
DA:131,3
DA:132,3
DA:133,3
DA:134,3
DA:135,3
DA:136,3
DA:137,3
DA:138,3
DA:139,3
DA:140,3
DA:141,3
DA:142,3
DA:143,3
DA:144,3
DA:145,3
DA:146,3
DA:147,3
DA:148,3
DA:149,3
DA:150,3
DA:151,3
DA:152,3
DA:153,3
DA:154,3
DA:155,3
DA:156,3
DA:157,3
DA:158,3
DA:159,3
DA:160,3
DA:161,3
DA:162,3
DA:163,3
DA:164,3
DA:165,3
DA:166,3
DA:167,3
DA:168,3
DA:169,3
DA:170,3
DA:171,3
DA:172,3
DA:173,3
DA:174,3
DA:175,3
DA:176,3
DA:177,3
DA:178,3
DA:179,3
DA:180,3
DA:181,3
DA:182,3
DA:183,3
DA:184,3
DA:185,3
DA:186,3
DA:187,3
DA:188,51
DA:189,46
DA:190,46
DA:191,46
DA:192,46
DA:193,46
DA:194,46
DA:195,46
DA:196,46
DA:197,46
DA:198,46
DA:199,46
DA:200,46
DA:201,46
DA:202,46
DA:203,46
DA:204,46
DA:205,46
DA:206,51
DA:207,51
DA:208,51
DA:209,51
DA:210,51
DA:211,51
DA:212,51
DA:213,51
DA:214,51
DA:215,51
DA:216,51
DA:217,51
DA:218,51
DA:219,51
DA:220,51
DA:221,51
DA:222,51
DA:223,51
DA:224,51
DA:225,51
DA:226,51
DA:227,51
DA:228,51
DA:229,51
DA:230,51
DA:231,51
DA:232,51
DA:233,51
DA:234,51
DA:235,51
DA:236,51
DA:237,51
DA:238,51
DA:239,51
DA:240,51
DA:241,51
DA:242,1
DA:243,1
LF:243
LH:235
BRDA:10,0,0,51
BRDA:19,1,0,49
BRDA:19,2,0,1
BRDA:19,3,0,49
BRDA:19,4,0,1
BRDA:20,5,0,49
BRDA:20,6,0,1
BRDA:20,7,0,49
BRDA:20,8,0,1
BRDA:83,9,0,1
BRDA:86,10,0,49
BRDA:102,11,0,2
BRDA:108,12,0,49
BRDA:108,13,0,0
BRDA:108,14,0,49
BRDA:108,15,0,49
BRDA:108,16,0,0
BRDA:108,17,0,49
BRDA:108,18,0,0
BRDA:108,19,0,0
BRDA:111,20,0,49
BRDA:111,21,0,0
BRDA:111,22,0,49
BRDA:111,23,0,49
BRDA:111,24,0,0
BRDA:111,25,0,49
BRDA:112,26,0,49
BRDA:112,27,0,0
BRDA:112,28,0,49
BRDA:113,29,0,49
BRDA:113,30,0,0
BRDA:113,31,0,49
BRDA:118,32,0,3
BRDA:181,33,0,1
BRDA:181,34,0,2
BRDA:188,35,0,46
BRDA:192,36,0,33
BRDA:196,37,0,33
BRDA:200,38,0,33
BRDA:13,39,0,67
BRDA:26,40,0,17
BRDA:27,41,0,1
BRDA:31,42,0,16
BRDA:34,43,0,16
BRDA:34,44,0,16
BRDA:38,45,0,15
BRDA:39,46,0,0
BRDA:40,47,0,0
BRDA:41,48,0,0
BRDA:42,49,0,0
BRDA:43,50,0,0
BRDA:45,51,0,1
BRDA:59,52,0,1
BRDA:59,53,0,1
BRDA:64,54,0,0
BRDA:74,55,0,1
BRDA:74,56,0,1
BRDA:202,57,0,1
BRF:58
BRH:44
end_of_record
TN:
SF:src\features\auth\api\authApi.ts
FN:34,login
FN:38,register
FN:51,logout
FN:55,refreshToken
FN:59,getCurrentUser
FNF:5
FNH:5
FNDA:2,login
FNDA:2,register
FNDA:2,logout
FNDA:2,refreshToken
FNDA:2,getCurrentUser
DA:1,1
DA:2,1
DA:3,1
DA:4,1
DA:5,1
DA:6,1
DA:7,1
DA:8,1
DA:9,1
DA:10,1
DA:11,1
DA:12,1
DA:13,1
DA:14,1
DA:15,1
DA:16,1
DA:17,1
DA:18,1
DA:19,1
DA:20,1
DA:21,1
DA:22,1
DA:23,1
DA:24,1
DA:25,1
DA:26,1
DA:27,1
DA:28,1
DA:29,1
DA:30,1
DA:31,1
DA:32,1
DA:33,1
DA:34,1
DA:35,2
DA:36,2
DA:37,1
DA:38,1
DA:39,2
DA:40,2
DA:41,2
DA:42,2
DA:43,2
DA:44,2
DA:45,2
DA:46,2
DA:47,2
DA:48,2
DA:49,2
DA:50,1
DA:51,1
DA:52,2
DA:53,2
DA:54,1
DA:55,1
DA:56,2
DA:57,2
DA:58,1
DA:59,1
DA:60,2
DA:61,2
DA:62,1
LF:62
LH:62
BRDA:34,0,0,2
BRDA:38,1,0,2
BRDA:51,2,0,2
BRDA:55,3,0,2
BRDA:59,4,0,2
BRF:5
BRH:5
end_of_record
TN:
SF:src\features\auth\model\authStore.ts
FN:85,clearError
FN:88,setToken
FN:93,extraReducers
FNF:3
FNH:3
FNDA:1,clearError
FNDA:4,setToken
FNDA:4,extraReducers
DA:1,1
DA:2,1
DA:3,1
DA:4,1
DA:5,1
DA:6,1
DA:7,1
DA:8,1
DA:9,1
DA:10,1
DA:11,1
DA:12,1
DA:13,1
DA:14,1
DA:15,1
DA:16,1
DA:17,1
DA:18,1
DA:19,1
DA:20,1
DA:21,1
DA:22,1
DA:23,1
DA:24,1
DA:25,1
DA:26,1
DA:27,1
DA:28,1
DA:29,1
DA:30,1
DA:31,1
DA:32,1
DA:33,1
DA:34,1
DA:35,1
DA:36,1
DA:37,1
DA:38,1
DA:39,1
DA:40,1
DA:41,1
DA:42,0
DA:43,0
DA:44,0
DA:45,0
DA:46,0
DA:47,0
DA:48,0
DA:49,0
DA:50,0
DA:51,0
DA:52,0
DA:53,0
DA:54,1
DA:55,1
DA:56,1
DA:57,1
DA:58,1
DA:59,0
DA:60,0
DA:61,0
DA:62,0
DA:63,0
DA:64,0
DA:65,0
DA:66,0
DA:67,1
DA:68,1
DA:69,1
DA:70,1
DA:71,1
DA:72,0
DA:73,0
DA:74,0
DA:75,0
DA:76,0
DA:77,0
DA:78,0
DA:79,1
DA:80,1
DA:81,1
DA:82,1
DA:83,1
DA:84,1
DA:85,1
DA:86,1
DA:87,1
DA:88,1
DA:89,4
DA:90,4
DA:91,1
DA:92,1
DA:93,1
DA:94,4
DA:95,4
DA:96,4
DA:97,2
DA:98,2
DA:99,4
DA:100,4
DA:101,1
DA:102,1
DA:103,1
DA:104,1
DA:105,4
DA:106,4
DA:107,2
DA:108,2
DA:109,4
DA:110,4
DA:111,4
DA:112,1
DA:113,1
DA:114,4
DA:115,4
DA:116,1
DA:117,1
DA:118,1
DA:119,1
DA:120,4
DA:121,4
DA:122,1
DA:123,1
DA:124,4
DA:125,4
DA:126,4
DA:127,2
DA:128,2
DA:129,2
DA:130,4
DA:131,4
DA:132,4
DA:133,0
DA:134,0
DA:135,4
DA:136,1
DA:137,1
DA:138,1
DA:139,1
DA:140,1
LF:140
LH:111
BRDA:24,0,0,1
BRDA:24,1,0,1
BRDA:33,2,0,0
BRDA:85,3,0,1
BRDA:88,4,0,4
BRDA:93,5,0,4
BRDA:96,6,0,2
BRDA:100,7,0,1
BRDA:106,8,0,2
BRDA:111,9,0,1
BRDA:115,10,0,1
BRDA:121,11,0,1
BRDA:126,12,0,2
BRF:13
BRH:12
end_of_record
TN:
SF:src\features\auth\ui\LoginForm\LoginForm.tsx
FN:11,LoginForm
FN:20,handleChange
FN:27,handleSubmit
FNF:3
FNH:3
FNDA:15,LoginForm
FNDA:4,handleChange
FNDA:1,handleSubmit
DA:1,1
DA:2,1
DA:3,1
DA:4,1
DA:5,1
DA:6,1
DA:7,1
DA:8,1
DA:9,1
DA:10,1
DA:11,1
DA:12,15
DA:13,15
DA:14,15
DA:15,15
DA:16,15
DA:17,15
DA:18,15
DA:19,15
DA:20,15
DA:21,4
DA:22,4
DA:23,4
DA:24,4
DA:25,15
DA:26,15
DA:27,15
DA:28,1
DA:29,1
DA:30,1
DA:31,1
DA:32,1
DA:33,0
DA:34,0
DA:35,1
DA:36,15
DA:37,15
DA:38,15
DA:39,15
DA:40,15
DA:41,15
DA:42,15
DA:43,15
DA:44,15
DA:45,15
DA:46,15
DA:47,15
DA:48,15
DA:49,15
DA:50,15
DA:51,15
DA:52,15
DA:53,15
DA:54,15
DA:55,15
DA:56,15
DA:57,15
DA:58,15
DA:59,15
DA:60,15
DA:61,15
DA:62,15
DA:63,15
DA:64,15
DA:65,15
DA:66,15
DA:67,15
DA:68,15
DA:69,15
DA:70,15
DA:71,15
DA:72,14
DA:73,14
DA:74,14
DA:75,15
DA:76,15
DA:77,15
DA:78,15
DA:79,15
DA:80,1
DA:81,1
DA:82,1
LF:82
LH:80
BRDA:11,0,0,15
BRDA:41,1,0,2
BRDA:69,2,0,2
BRDA:69,3,0,12
BRDA:71,4,0,14
BRDA:13,5,0,24
BRDA:20,6,0,4
BRDA:27,7,0,1
BRDA:27,8,0,1
BRDA:31,9,0,0
BRDA:32,10,0,0
BRF:11
BRH:9
end_of_record
TN:
SF:src\features\auth\ui\RegisterForm\RegisterForm.tsx
FN:11,RegisterForm
FN:26,handleChange
FN:34,handleSubmit
FNF:3
FNH:3
FNDA:29,RegisterForm
FNDA:14,handleChange
FNDA:3,handleSubmit
DA:1,1
DA:2,1
DA:3,1
DA:4,1
DA:5,1
DA:6,1
DA:7,1
DA:8,1
DA:9,1
DA:10,1
DA:11,1
DA:12,29
DA:13,29
DA:14,29
DA:15,29
DA:16,29
DA:17,29
DA:18,29
DA:19,29
DA:20,29
DA:21,29
DA:22,29
DA:23,29
DA:24,29
DA:25,29
DA:26,29
DA:27,14
DA:28,14
DA:29,14
DA:30,14
DA:31,14
DA:32,29
DA:33,29
DA:34,29
DA:35,3
DA:36,3
DA:37,3
DA:38,3
DA:39,0
DA:40,0
DA:41,0
DA:42,3
DA:43,0
DA:44,0
DA:45,0
DA:46,3
DA:47,2
DA:48,2
DA:49,2
DA:50,1
DA:51,1
DA:52,1
DA:53,1
DA:54,0
DA:55,0
DA:56,0
DA:57,0
DA:58,0
DA:59,0
DA:60,3
DA:61,0
DA:62,0
DA:63,0
DA:64,3
DA:65,29
DA:66,29
DA:67,29
DA:68,29
DA:69,29
DA:70,29
DA:71,4
DA:72,29
DA:73,29
DA:74,29
DA:75,29
DA:76,29
DA:77,29
DA:78,29
DA:79,29
DA:80,29
DA:81,29
DA:82,29
DA:83,29
DA:84,29
DA:85,29
DA:86,29
DA:87,29
DA:88,29
DA:89,29
DA:90,29
DA:91,29
DA:92,29
DA:93,29
DA:94,29
DA:95,29
DA:96,29
DA:97,29
DA:98,29
DA:99,29
DA:100,29
DA:101,29
DA:102,29
DA:103,29
DA:104,29
DA:105,29
DA:106,29
DA:107,29
DA:108,29
DA:109,29
DA:110,29
DA:111,29
DA:112,29
DA:113,29
DA:114,29
DA:115,29
DA:116,29
DA:117,29
DA:118,29
DA:119,29
DA:120,29
DA:121,29
DA:122,29
DA:123,29
DA:124,29
DA:125,29
DA:126,29
DA:127,29
DA:128,29
DA:129,29
DA:130,29
DA:131,29
DA:132,29
DA:133,29
DA:134,29
DA:135,29
DA:136,29
DA:137,29
DA:138,29
DA:139,29
DA:140,29
DA:141,29
DA:142,29
DA:143,29
DA:144,29
DA:145,29
DA:146,29
DA:147,29
DA:148,29
DA:149,27
DA:150,27
DA:151,27
DA:152,29
DA:153,29
DA:154,29
DA:155,29
DA:156,29
DA:157,1
DA:158,1
DA:159,1
LF:159
LH:144
BRDA:11,0,0,29
BRDA:70,1,0,28
BRDA:70,2,0,4
BRDA:71,3,0,3
BRDA:146,4,0,1
BRDA:146,5,0,28
BRDA:148,6,0,27
BRDA:13,7,0,41
BRDA:26,8,0,14
BRDA:34,9,0,3
BRDA:34,10,0,3
BRDA:38,11,0,0
BRDA:42,12,0,0
BRDA:46,13,0,2
BRDA:50,14,0,1
BRDA:54,15,0,0
BRDA:60,16,0,0
BRF:17
BRH:13
end_of_record
TN:
SF:src\features\user-center\api\userApi.ts
FN:32,getProfile
FN:36,updateProfile
FN:40,uploadAvatar
FN:51,changePassword
FN:55,updatePreferences
FN:59,deleteAccount
FNF:6
FNH:6
FNDA:3,getProfile
FNDA:3,updateProfile
FNDA:3,uploadAvatar
FNDA:3,changePassword
FNDA:2,updatePreferences
FNDA:3,deleteAccount
DA:1,1
DA:2,1
DA:3,1
DA:4,1
DA:5,1
DA:6,1
DA:7,1
DA:8,1
DA:9,1
DA:10,1
DA:11,1
DA:12,1
DA:13,1
DA:14,1
DA:15,1
DA:16,1
DA:17,1
DA:18,1
DA:19,1
DA:20,1
DA:21,1
DA:22,1
DA:23,1
DA:24,1
DA:25,1
DA:26,1
DA:27,1
DA:28,1
DA:29,1
DA:30,1
DA:31,1
DA:32,1
DA:33,3
DA:34,3
DA:35,1
DA:36,1
DA:37,3
DA:38,3
DA:39,1
DA:40,1
DA:41,3
DA:42,3
DA:43,3
DA:44,3
DA:45,3
DA:46,3
DA:47,3
DA:48,3
DA:49,3
DA:50,1
DA:51,1
DA:52,3
DA:53,3
DA:54,1
DA:55,1
DA:56,2
DA:57,2
DA:58,1
DA:59,1
DA:60,3
DA:61,3
DA:62,1
LF:62
LH:62
BRDA:32,0,0,3
BRDA:36,1,0,3
BRDA:40,2,0,3
BRDA:51,3,0,3
BRDA:55,4,0,2
BRDA:59,5,0,3
BRF:6
BRH:6
end_of_record
TN:
SF:src\features\user-center\ui\UserProfile\UserProfile.tsx
FN:6,UserProfile
FN:26,loadProfile
FN:46,handleChange
FN:53,handleSubmit
FN:68,handleAvatarUpload
FN:189,onClick
FN:216,onClick
FNF:7
FNH:6
FNDA:52,UserProfile
FNDA:14,loadProfile
FNDA:3,handleChange
FNDA:1,handleSubmit
FNDA:0,handleAvatarUpload
FNDA:1,onClick
FNDA:5,onClick
DA:1,1
DA:2,1
DA:3,1
DA:4,1
DA:5,1
DA:6,1
DA:7,52
DA:8,52
DA:9,52
DA:10,52
DA:11,52
DA:12,52
DA:13,52
DA:14,52
DA:15,52
DA:16,52
DA:17,52
DA:18,52
DA:19,52
DA:20,52
DA:21,52
DA:22,52
DA:23,14
DA:24,52
DA:25,52
DA:26,52
DA:27,14
DA:28,14
DA:29,14
DA:30,12
DA:31,12
DA:32,14
DA:33,14
DA:34,14
DA:35,14
DA:36,14
DA:37,14
DA:38,14
DA:39,14
DA:40,1
DA:41,14
DA:42,13
DA:43,13
DA:44,14
DA:45,52
DA:46,52
DA:47,3
DA:48,3
DA:49,3
DA:50,3
DA:51,52
DA:52,52
DA:53,52
DA:54,1
DA:55,1
DA:56,1
DA:57,1
DA:58,1
DA:59,1
DA:60,1
DA:61,1
DA:62,0
DA:63,1
DA:64,1
DA:65,1
DA:66,1
DA:67,52
DA:68,52
DA:69,0
DA:70,0
DA:71,0
DA:72,0
DA:73,0
DA:74,0
DA:75,0
DA:76,0
DA:77,0
DA:78,0
DA:79,0
DA:80,0
DA:81,0
DA:82,0
DA:83,0
DA:84,52
DA:85,52
DA:86,14
DA:87,14
DA:88,37
DA:89,37
DA:90,37
DA:91,37
DA:92,37
DA:93,52
DA:94,52
DA:95,52
DA:96,52
DA:97,52
DA:98,52
DA:99,52
DA:100,52
DA:101,52
DA:102,52
DA:103,52
DA:104,52
DA:105,52
DA:106,52
DA:107,52
DA:108,52
DA:109,52
DA:110,52
DA:111,52
DA:112,52
DA:113,52
DA:114,52
DA:115,52
DA:116,52
DA:117,52
DA:118,9
DA:119,9
DA:120,9
DA:121,9
DA:122,9
DA:123,9
DA:124,9
DA:125,9
DA:126,9
DA:127,9
DA:128,9
DA:129,9
DA:130,9
DA:131,9
DA:132,9
DA:133,9
DA:134,9
DA:135,9
DA:136,9
DA:137,9
DA:138,9
DA:139,9
DA:140,9
DA:141,9
DA:142,9
DA:143,9
DA:144,9
DA:145,9
DA:146,9
DA:147,9
DA:148,9
DA:149,9
DA:150,9
DA:151,9
DA:152,9
DA:153,9
DA:154,9
DA:155,9
DA:156,9
DA:157,9
DA:158,9
DA:159,9
DA:160,9
DA:161,9
DA:162,9
DA:163,9
DA:164,9
DA:165,9
DA:166,9
DA:167,9
DA:168,9
DA:169,9
DA:170,9
DA:171,9
DA:172,9
DA:173,9
DA:174,9
DA:175,9
DA:176,9
DA:177,9
DA:178,9
DA:179,9
DA:180,9
DA:181,9
DA:182,9
DA:183,9
DA:184,9
DA:185,9
DA:186,9
DA:187,9
DA:188,9
DA:189,9
DA:190,9
DA:191,9
DA:192,9
DA:193,9
DA:194,52
DA:195,28
DA:196,28
DA:197,28
DA:198,28
DA:199,28
DA:200,28
DA:201,28
DA:202,28
DA:203,28
DA:204,28
DA:205,28
DA:206,28
DA:207,28
DA:208,28
DA:209,28
DA:210,28
DA:211,28
DA:212,28
DA:213,28
DA:214,28
DA:215,28
DA:216,28
DA:217,28
DA:218,28
DA:219,28
DA:220,52
DA:221,52
DA:222,52
DA:223,52
DA:224,1
DA:225,1
DA:226,1
LF:226
LH:210
BRDA:6,0,0,52
BRDA:85,1,0,15
BRDA:85,2,0,14
BRDA:88,3,0,37
BRDA:93,4,0,1
BRDA:98,5,0,22
BRDA:98,6,0,15
BRDA:98,7,0,22
BRDA:98,8,0,36
BRDA:111,9,0,22
BRDA:111,10,0,15
BRDA:111,11,0,22
BRDA:111,12,0,22
BRDA:111,13,0,15
BRDA:111,14,0,22
BRDA:112,15,0,22
BRDA:112,16,0,15
BRDA:112,17,0,22
BRDA:113,18,0,22
BRDA:113,19,0,15
BRDA:113,20,0,22
BRDA:117,21,0,9
BRDA:187,22,0,1
BRDA:187,23,0,8
BRDA:194,24,0,28
BRDA:198,25,0,13
BRDA:198,26,0,15
BRDA:198,27,0,13
BRDA:198,28,0,16
BRDA:203,29,0,13
BRDA:203,30,0,15
BRDA:203,31,0,13
BRDA:203,32,0,16
BRDA:208,33,0,13
BRDA:208,34,0,15
BRDA:208,35,0,13
BRDA:208,36,0,16
BRDA:213,37,0,13
BRDA:213,38,0,15
BRDA:213,39,0,13
BRDA:213,40,0,16
BRDA:7,41,0,65
BRDA:22,42,0,14
BRDA:26,43,0,14
BRDA:26,44,0,14
BRDA:30,45,0,12
BRDA:32,46,0,1
BRDA:33,47,0,1
BRDA:34,48,0,1
BRDA:35,49,0,1
BRDA:36,50,0,1
BRDA:37,51,0,1
BRDA:39,52,0,1
BRDA:41,53,0,13
BRDA:46,54,0,3
BRDA:53,55,0,1
BRDA:53,56,0,1
BRDA:61,57,0,0
BRDA:189,58,0,1
BRDA:216,59,0,5
BRF:60
BRH:59
end_of_record
TN:
SF:src\service\network.ts
FN:8,setToken
FNF:1
FNH:1
FNDA:5,setToken
DA:1,1
DA:2,1
DA:3,1
DA:4,1
DA:5,1
DA:6,1
DA:7,1
DA:8,1
DA:9,5
DA:10,5
LF:10
LH:10
BRDA:8,0,0,5
BRF:1
BRH:1
end_of_record
TN:
SF:src\service\list\index.ts
FN:5,getList
FNF:1
FNH:1
FNDA:6,getList
DA:1,1
DA:2,1
DA:3,1
DA:4,1
DA:5,1
DA:6,6
DA:7,4
DA:8,4
DA:9,1
DA:10,1
DA:11,1
LF:11
LH:11
BRDA:5,0,0,6
BRDA:7,1,0,4
BRF:2
BRH:2
end_of_record
TN:
SF:src\service\list\types.ts
FN:1,(empty-report)
FNF:1
FNH:0
FNDA:0,(empty-report)
DA:1,0
DA:2,0
DA:3,0
DA:4,0
DA:5,0
DA:6,0
DA:7,0
LF:7
LH:0
BRDA:1,0,0,0
BRF:1
BRH:0
end_of_record
TN:
SF:src\shared\api\artApi.ts
FN:23,generateArt
FN:32,getArtHistory
FN:41,deleteArt
FN:49,getUserArt
FN:58,getArtById
FNF:5
FNH:3
FNDA:9,generateArt
FNDA:0,getArtHistory
FNDA:4,deleteArt
FNDA:4,getUserArt
FNDA:0,getArtById
DA:1,1
DA:2,1
DA:3,1
DA:4,1
DA:5,1
DA:6,1
DA:7,1
DA:8,1
DA:9,1
DA:10,1
DA:11,1
DA:12,1
DA:13,1
DA:14,1
DA:15,1
DA:16,1
DA:17,1
DA:18,1
DA:19,1
DA:20,1
DA:21,1
DA:22,1
DA:23,1
DA:24,9
DA:25,9
DA:26,6
DA:27,9
DA:28,3
DA:29,3
DA:30,9
DA:31,1
DA:32,1
DA:33,0
DA:34,0
DA:35,0
DA:36,0
DA:37,0
DA:38,0
DA:39,0
DA:40,1
DA:41,1
DA:42,4
DA:43,4
DA:44,4
DA:45,3
DA:46,3
DA:47,4
DA:48,1
DA:49,1
DA:50,4
DA:51,4
DA:52,2
DA:53,2
DA:54,2
DA:55,2
DA:56,4
DA:57,1
DA:58,1
DA:59,0
DA:60,0
DA:61,0
DA:62,0
DA:63,0
DA:64,0
DA:65,0
LF:65
LH:51
BRDA:23,0,0,9
BRDA:23,1,0,9
BRDA:26,2,0,6
BRDA:27,3,0,3
BRDA:41,4,0,4
BRDA:41,5,0,4
BRDA:44,6,0,1
BRDA:44,7,0,3
BRDA:49,8,0,4
BRDA:49,9,0,4
BRDA:52,10,0,2
BRF:11
BRH:11
end_of_record
TN:
SF:src\shared\api\base.ts
FN:28,APIClient
FN:32,request
FN:64,get
FN:68,post
FN:75,put
FN:82,delete
FNF:6
FNH:6
FNDA:4,APIClient
FNDA:8,request
FNDA:4,get
FNDA:1,post
FNDA:1,put
FNDA:1,delete
DA:1,1
DA:2,1
DA:3,1
DA:4,1
DA:5,1
DA:6,1
DA:7,1
DA:8,1
DA:9,1
DA:10,1
DA:11,1
DA:12,1
DA:13,1
DA:14,1
DA:15,1
DA:16,1
DA:17,1
DA:18,1
DA:19,1
DA:20,1
DA:21,1
DA:22,1
DA:23,1
DA:24,1
DA:25,1
DA:26,1
DA:27,1
DA:28,1
DA:29,4
DA:30,4
DA:31,1
DA:32,1
DA:33,8
DA:34,8
DA:35,8
DA:36,8
DA:37,8
DA:38,8
DA:39,8
DA:40,8
DA:41,8
DA:42,8
DA:43,8
DA:44,8
DA:45,8
DA:46,8
DA:47,1
DA:48,1
DA:49,8
DA:50,8
DA:51,8
DA:52,8
DA:53,8
DA:54,7
DA:55,8
DA:56,1
DA:57,1
DA:58,1
DA:59,1
DA:60,6
DA:61,6
DA:62,6
DA:63,1
DA:64,1
DA:65,4
DA:66,4
DA:67,1
DA:68,1
DA:69,1
DA:70,1
DA:71,1
DA:72,1
DA:73,1
DA:74,1
DA:75,1
DA:76,1
DA:77,1
DA:78,1
DA:79,1
DA:80,1
DA:81,1
DA:82,1
DA:83,1
DA:84,1
DA:85,1
DA:86,1
DA:87,1
LF:87
LH:87
BRDA:28,0,0,4
BRDA:32,1,0,8
BRDA:33,2,0,8
BRDA:46,3,0,1
BRDA:54,4,0,7
BRDA:55,5,0,1
BRDA:60,6,0,6
BRDA:64,7,0,4
BRDA:68,8,0,1
BRDA:75,9,0,1
BRDA:82,10,0,1
BRF:11
BRH:11
end_of_record
TN:
SF:src\shared\config\features.ts
FN:25,FeatureManager
FN:29,isEnabled
FN:33,enable
FN:37,disable
FN:41,updateFeatures
FN:45,getAllFeatures
FNF:6
FNH:6
FNDA:3,FeatureManager
FNDA:19,isEnabled
FNDA:3,enable
FNDA:8,disable
FNDA:15,updateFeatures
FNDA:9,getAllFeatures
DA:1,1
DA:2,1
DA:3,1
DA:4,1
DA:5,1
DA:6,1
DA:7,1
DA:8,1
DA:9,1
DA:10,1
DA:11,1
DA:12,1
DA:13,1
DA:14,1
DA:15,1
DA:16,1
DA:17,1
DA:18,1
DA:19,1
DA:20,1
DA:21,1
DA:22,1
DA:23,1
DA:24,1
DA:25,1
DA:26,3
DA:27,3
DA:28,1
DA:29,1
DA:30,19
DA:31,19
DA:32,1
DA:33,1
DA:34,3
DA:35,3
DA:36,1
DA:37,1
DA:38,8
DA:39,8
DA:40,1
DA:41,1
DA:42,15
DA:43,15
DA:44,1
DA:45,1
DA:46,9
DA:47,9
DA:48,1
DA:49,1
DA:50,1
LF:50
LH:50
BRDA:25,0,0,3
BRDA:29,1,0,19
BRDA:33,2,0,3
BRDA:37,3,0,8
BRDA:41,4,0,15
BRDA:45,5,0,9
BRF:6
BRH:6
end_of_record
TN:
SF:src\shared\lib\test-utils.tsx
FN:1,(empty-report)
FNF:1
FNH:0
FNDA:0,(empty-report)
DA:1,0
DA:2,0
DA:3,0
DA:4,0
DA:5,0
DA:6,0
DA:7,0
DA:8,0
DA:9,0
DA:10,0
DA:11,0
DA:12,0
DA:13,0
DA:14,0
DA:15,0
DA:16,0
DA:17,0
DA:18,0
DA:19,0
DA:20,0
DA:21,0
DA:22,0
DA:23,0
DA:24,0
DA:25,0
DA:26,0
DA:27,0
DA:28,0
DA:29,0
DA:30,0
DA:31,0
DA:32,0
DA:33,0
DA:34,0
DA:35,0
DA:36,0
DA:37,0
DA:38,0
DA:39,0
DA:40,0
DA:41,0
DA:42,0
DA:43,0
DA:44,0
DA:45,0
DA:46,0
DA:47,0
DA:48,0
DA:49,0
DA:50,0
DA:51,0
DA:52,0
DA:53,0
DA:54,0
DA:55,0
DA:56,0
DA:57,0
DA:58,0
DA:59,0
DA:60,0
DA:61,0
DA:62,0
DA:63,0
DA:64,0
DA:65,0
DA:66,0
DA:67,0
DA:68,0
DA:69,0
DA:70,0
DA:71,0
DA:72,0
DA:73,0
DA:74,0
DA:75,0
DA:76,0
DA:77,0
DA:78,0
DA:79,0
DA:80,0
DA:81,0
DA:82,0
DA:83,0
DA:84,0
DA:85,0
DA:86,0
DA:87,0
DA:88,0
DA:89,0
LF:89
LH:0
BRDA:1,0,0,0
BRF:1
BRH:0
end_of_record
TN:
SF:src\shared\ui\index.ts
FN:2,get
FN:3,get
FN:4,get
FNF:3
FNH:3
FNDA:4,get
FNDA:4,get
FNDA:4,get
DA:1,1
DA:2,1
DA:3,1
DA:4,1
LF:4
LH:4
BRDA:2,0,0,4
BRDA:3,1,0,4
BRDA:4,2,0,4
BRF:3
BRH:3
end_of_record
TN:
SF:src\shared\ui\AuthPrompt\AuthPrompt.tsx
FN:13,AuthPrompt
FN:21,handleLogin
FN:26,handleClose
FNF:3
FNH:3
FNDA:13,AuthPrompt
FNDA:3,handleLogin
FNDA:3,handleClose
DA:1,1
DA:2,1
DA:3,1
DA:4,1
DA:5,1
DA:6,1
DA:7,1
DA:8,1
DA:9,1
DA:10,1
DA:11,1
DA:12,1
DA:13,1
DA:14,13
DA:15,13
DA:16,13
DA:17,13
DA:18,13
DA:19,13
DA:20,13
DA:21,13
DA:22,3
DA:23,3
DA:24,13
DA:25,13
DA:26,13
DA:27,3
DA:28,13
DA:29,13
DA:30,13
DA:31,12
DA:32,12
DA:33,12
DA:34,12
DA:35,12
DA:36,12
DA:37,12
DA:38,12
DA:39,12
DA:40,12
DA:41,12
DA:42,12
DA:43,12
DA:44,12
DA:45,12
DA:46,12
DA:47,12
DA:48,12
DA:49,12
DA:50,12
DA:51,12
DA:52,12
DA:53,12
DA:54,12
DA:55,12
DA:56,12
DA:57,12
DA:58,12
DA:59,12
DA:60,12
DA:61,12
DA:62,12
DA:63,12
DA:64,12
DA:65,12
DA:66,12
DA:67,12
DA:68,12
DA:69,12
DA:70,12
DA:71,12
DA:72,12
DA:73,12
DA:74,12
DA:75,12
DA:76,12
DA:77,12
LF:77
LH:77
BRDA:13,0,0,13
BRDA:30,1,0,1
BRDA:31,2,0,12
BRDA:21,3,0,3
BRDA:23,4,0,1
BRDA:23,5,0,2
BRDA:26,6,0,3
BRDA:27,7,0,1
BRDA:27,8,0,2
BRF:9
BRH:9
end_of_record
TN:
SF:src\shared\ui\AuthRequired\AuthRequired.tsx
FN:10,AuthRequired
FN:72,onMouseOver
FN:73,onMouseOut
FN:91,onMouseOver
FN:95,onMouseOut
FNF:5
FNH:1
FNDA:14,AuthRequired
FNDA:0,onMouseOver
FNDA:0,onMouseOut
FNDA:0,onMouseOver
FNDA:0,onMouseOut
DA:1,1
DA:2,1
DA:3,1
DA:4,1
DA:5,1
DA:6,1
DA:7,1
DA:8,1
DA:9,1
DA:10,1
DA:11,14
DA:12,14
DA:13,14
DA:14,14
DA:15,14
DA:16,14
DA:17,14
DA:18,14
DA:19,14
DA:20,14
DA:21,14
DA:22,14
DA:23,14
DA:24,14
DA:25,14
DA:26,14
DA:27,14
DA:28,14
DA:29,14
DA:30,14
DA:31,14
DA:32,14
DA:33,14
DA:34,14
DA:35,14
DA:36,14
DA:37,14
DA:38,14
DA:39,14
DA:40,14
DA:41,14
DA:42,14
DA:43,14
DA:44,14
DA:45,14
DA:46,14
DA:47,14
DA:48,14
DA:49,14
DA:50,14
DA:51,14
DA:52,14
DA:53,14
DA:54,14
DA:55,14
DA:56,14
DA:57,14
DA:58,14
DA:59,14
DA:60,14
DA:61,14
DA:62,14
DA:63,14
DA:64,14
DA:65,14
DA:66,14
DA:67,14
DA:68,14
DA:69,14
DA:70,14
DA:71,14
DA:72,14
DA:73,14
DA:74,14
DA:75,14
DA:76,14
DA:77,14
DA:78,14
DA:79,14
DA:80,14
DA:81,14
DA:82,14
DA:83,14
DA:84,14
DA:85,14
DA:86,14
DA:87,14
DA:88,14
DA:89,14
DA:90,14
DA:91,14
DA:92,0
DA:93,0
DA:94,14
DA:95,14
DA:96,0
DA:97,0
DA:98,14
DA:99,14
DA:100,14
DA:101,14
DA:102,14
DA:103,14
DA:104,14
DA:105,14
DA:106,14
DA:107,14
DA:108,14
DA:109,14
DA:110,14
DA:111,14
DA:112,14
DA:113,14
DA:114,14
DA:115,14
DA:116,14
DA:117,14
DA:118,14
DA:119,14
DA:120,14
DA:121,14
DA:122,14
DA:123,14
DA:124,14
DA:125,14
DA:126,14
DA:127,14
DA:128,14
DA:129,14
DA:130,14
DA:131,14
DA:132,14
DA:133,14
DA:134,14
DA:135,1
DA:136,1
LF:136
LH:132
BRDA:10,0,0,14
BRF:1
BRH:1
end_of_record
TN:
SF:src\shared\ui\FeatureToggle\FeatureToggle.tsx
FN:10,FeatureToggle
FNF:1
FNH:1
FNDA:11,FeatureToggle
DA:1,1
DA:2,1
DA:3,1
DA:4,1
DA:5,1
DA:6,1
DA:7,1
DA:8,1
DA:9,1
DA:10,1
DA:11,11
DA:12,11
DA:13,11
DA:14,11
DA:15,11
DA:16,11
DA:17,11
DA:18,11
DA:19,1
DA:20,1
DA:21,1
LF:21
LH:21
BRDA:10,0,0,11
BRDA:17,1,0,7
BRDA:17,2,0,4
BRF:3
BRH:3
end_of_record
TN:
SF:src\shared\ui\Layout\Layout.tsx
FN:9,Layout
FNF:1
FNH:1
FNDA:15,Layout
DA:1,1
DA:2,1
DA:3,1
DA:4,1
DA:5,1
DA:6,1
DA:7,1
DA:8,1
DA:9,1
DA:10,15
DA:11,15
DA:12,15
DA:13,15
DA:14,15
DA:15,15
DA:16,15
DA:17,15
DA:18,15
DA:19,15
DA:20,15
DA:21,15
DA:22,15
DA:23,15
DA:24,15
DA:25,15
DA:26,15
DA:27,15
DA:28,15
DA:29,15
DA:30,15
DA:31,15
DA:32,15
DA:33,1
DA:34,1
DA:35,1
LF:35
LH:35
BRDA:9,0,0,15
BRF:1
BRH:1
end_of_record
TN:
SF:src\shared\ui\Navigation\Navigation.tsx
FN:8,Navigation
FN:50,isActive
FNF:2
FNH:2
FNDA:21,Navigation
FNDA:111,isActive
DA:1,1
DA:2,1
DA:3,1
DA:4,1
DA:5,1
DA:6,1
DA:7,1
DA:8,1
DA:9,21
DA:10,21
DA:11,21
DA:12,21
DA:13,21
DA:14,21
DA:15,21
DA:16,21
DA:17,21
DA:18,21
DA:19,21
DA:20,21
DA:21,21
DA:22,21
DA:23,21
DA:24,21
DA:25,21
DA:26,21
DA:27,21
DA:28,21
DA:29,21
DA:30,21
DA:31,21
DA:32,21
DA:33,21
DA:34,21
DA:35,21
DA:36,21
DA:37,21
DA:38,21
DA:39,21
DA:40,21
DA:41,21
DA:42,21
DA:43,21
DA:44,21
DA:45,21
DA:46,21
DA:47,21
DA:48,21
DA:49,21
DA:50,21
DA:51,21
DA:52,21
DA:53,21
DA:54,21
DA:55,21
DA:56,21
DA:57,21
DA:58,21
DA:59,21
DA:60,21
DA:61,21
DA:62,21
DA:63,21
DA:64,21
DA:65,21
DA:66,21
DA:67,21
DA:68,21
DA:69,21
DA:70,21
DA:71,21
DA:72,21
DA:73,21
DA:74,21
DA:75,21
DA:76,21
DA:77,21
DA:78,21
DA:79,21
DA:80,21
DA:81,21
DA:82,21
DA:83,21
DA:84,21
DA:85,21
DA:86,21
DA:87,21
DA:88,21
DA:89,21
DA:90,21
DA:91,21
DA:92,21
DA:93,21
DA:94,21
DA:95,11
DA:96,11
DA:97,11
DA:98,11
DA:99,11
DA:100,11
DA:101,11
DA:102,11
DA:103,11
DA:104,11
DA:105,11
DA:106,11
DA:107,11
DA:108,21
DA:109,10
DA:110,10
DA:111,10
DA:112,10
DA:113,10
DA:114,10
DA:115,10
DA:116,10
DA:117,21
DA:118,21
DA:119,21
DA:120,21
DA:121,21
DA:122,21
DA:123,21
DA:124,21
DA:125,1
DA:126,1
DA:127,1
LF:127
LH:127
BRDA:8,0,0,21
BRDA:61,1,0,6
BRDA:61,2,0,16
BRDA:61,3,0,5
BRDA:69,4,0,2
BRDA:69,5,0,19
BRDA:78,6,0,0
BRDA:87,7,0,1
BRDA:87,8,0,20
BRDA:94,9,0,11
BRDA:99,10,0,1
BRDA:99,11,0,10
BRDA:105,12,0,10
BRDA:105,13,0,1
BRDA:105,14,0,10
BRDA:108,15,0,10
BRDA:112,16,0,0
BRDA:10,17,0,42
BRDA:50,18,0,111
BRF:19
BRH:17
end_of_record
TN:
SF:src\shared\ui\ProtectedRoute\ProtectedRoute.tsx
FN:13,ProtectedRoute
FNF:1
FNH:1
FNDA:16,ProtectedRoute
DA:1,1
DA:2,1
DA:3,1
DA:4,1
DA:5,1
DA:6,1
DA:7,1
DA:8,1
DA:9,1
DA:10,1
DA:11,1
DA:12,1
DA:13,1
DA:14,16
DA:15,16
DA:16,16
DA:17,16
DA:18,16
DA:19,16
DA:20,16
DA:21,16
DA:22,16
DA:23,16
DA:24,2
DA:25,2
DA:26,2
DA:27,2
DA:28,2
DA:29,2
DA:30,2
DA:31,2
DA:32,2
DA:33,2
DA:34,2
DA:35,2
DA:36,2
DA:37,14
DA:38,14
DA:39,16
DA:40,7
DA:41,3
DA:42,3
DA:43,4
DA:44,4
DA:45,4
DA:46,4
DA:47,7
DA:48,7
DA:49,7
DA:50,7
DA:51,1
DA:52,1
LF:52
LH:52
BRDA:13,0,0,16
BRDA:23,1,0,2
BRDA:37,2,0,14
BRDA:39,3,0,13
BRDA:39,4,0,7
BRDA:40,5,0,3
BRDA:43,6,0,4
BRDA:19,7,0,32
BRF:8
BRH:8
end_of_record
TN:
SF:src\test-utils\index.tsx
FN:9,get
FN:13,MockFeatureProvider
FN:20,createMockRouter
FN:47,createMockAuthReducer
FN:65,createMockStore
FN:95,TestProviders
FN:121,customRender
FN:127,Wrapper
FN:145,mockApiResponse
FN:154,mockHATEOASResponse
FN:172,resetAllMocks
FNF:11
FNH:6
FNDA:0,get
FNDA:137,MockFeatureProvider
FNDA:0,createMockRouter
FNDA:140,createMockAuthReducer
FNDA:140,createMockStore
FNDA:137,TestProviders
FNDA:134,customRender
FNDA:140,Wrapper
FNDA:0,mockApiResponse
FNDA:0,mockHATEOASResponse
FNDA:0,resetAllMocks
DA:1,1
DA:2,1
DA:3,1
DA:4,1
DA:5,1
DA:6,1
DA:7,1
DA:8,1
DA:9,1
DA:10,1
DA:11,1
DA:12,1
DA:13,1
DA:14,137
DA:15,137
DA:16,137
DA:17,137
DA:18,1
DA:19,1
DA:20,1
DA:21,0
DA:22,0
DA:23,0
DA:24,0
DA:25,0
DA:26,0
DA:27,0
DA:28,0
DA:29,0
DA:30,0
DA:31,0
DA:32,0
DA:33,0
DA:34,0
DA:35,0
DA:36,0
DA:37,0
DA:38,0
DA:39,0
DA:40,0
DA:41,0
DA:42,0
DA:43,0
DA:44,1
DA:45,1
DA:46,1
DA:47,1
DA:48,140
DA:49,421
DA:50,421
DA:51,0
DA:52,421
DA:53,0
DA:54,421
DA:55,0
DA:56,421
DA:57,0
DA:58,421
DA:59,421
DA:60,421
DA:61,140
DA:62,140
DA:63,1
DA:64,1
DA:65,1
DA:66,140
DA:67,140
DA:68,140
DA:69,140
DA:70,140
DA:71,140
DA:72,140
DA:73,140
DA:74,140
DA:75,140
DA:76,140
DA:77,140
DA:78,140
DA:79,140
DA:80,140
DA:81,140
DA:82,140
DA:83,140
DA:84,140
DA:85,140
DA:86,1
DA:87,1
DA:88,1
DA:89,1
DA:90,1
DA:91,1
DA:92,1
DA:93,1
DA:94,1
DA:95,1
DA:96,137
DA:97,137
DA:98,137
DA:99,137
DA:100,137
DA:101,137
DA:102,137
DA:103,137
DA:104,137
DA:105,137
DA:106,137
DA:107,137
DA:108,137
DA:109,137
DA:110,137
DA:111,137
DA:112,137
DA:113,1
DA:114,1
DA:115,1
DA:116,1
DA:117,1
DA:118,1
DA:119,1
DA:120,1
DA:121,1
DA:122,134
DA:123,134
DA:124,134
DA:125,134
DA:126,134
DA:127,134
DA:128,140
DA:129,140
DA:130,140
DA:131,140
DA:132,140
DA:133,140
DA:134,140
DA:135,134
DA:136,134
DA:137,134
DA:138,134
DA:139,1
DA:140,1
DA:141,1
DA:142,1
DA:143,1
DA:144,1
DA:145,1
DA:146,0
DA:147,0
DA:148,0
DA:149,0
DA:150,0
DA:151,0
DA:152,1
DA:153,1
DA:154,1
DA:155,0
DA:156,0
DA:157,1
DA:158,1
DA:159,1
DA:160,1
DA:161,1
DA:162,1
DA:163,1
DA:164,1
DA:165,1
DA:166,1
DA:167,1
DA:168,1
DA:169,1
DA:170,1
DA:171,1
DA:172,1
DA:173,0
DA:174,0
DA:175,0
DA:176,1
DA:177,1
DA:178,1
DA:179,1
DA:180,1
DA:181,1
DA:182,1
DA:183,1
DA:184,1
DA:185,1
DA:186,1
DA:187,1
DA:188,1
DA:189,1
DA:190,1
DA:191,1
DA:192,1
DA:193,1
DA:194,1
DA:195,1
DA:196,1
DA:197,1
DA:198,1
DA:199,1
DA:200,1
DA:201,1
DA:202,1
DA:203,1
DA:204,1
DA:205,1
DA:206,1
DA:207,1
DA:208,1
DA:209,1
DA:210,1
DA:211,1
DA:212,1
DA:213,1
DA:214,1
DA:215,1
DA:216,1
DA:217,1
DA:218,1
DA:219,1
DA:220,1
DA:221,1
DA:222,1
LF:222
LH:184
BRDA:13,0,0,137
BRDA:47,1,0,140
BRDA:48,2,0,421
BRDA:50,3,0,0
BRDA:52,4,0,0
BRDA:54,5,0,0
BRDA:56,6,0,0
BRDA:65,7,0,140
BRDA:95,8,0,137
BRDA:121,9,0,134
BRDA:127,10,0,140
BRF:11
BRH:7
end_of_record
